Sender: LSF System <lsfadmin@host316.jc.rl.ac.uk>
Subject: Job 3201160: </home/users/esmith88/roocs/dachar/lotus_script.py -p /badc/cmip6/data/CMIP6/CMIP/NOAA-GFDL/GFDL-CM4/historical/r1i1p1f1/3hr/tas/gr1/latest> in cluster <lotus> Done

Job </home/users/esmith88/roocs/dachar/lotus_script.py -p /badc/cmip6/data/CMIP6/CMIP/NOAA-GFDL/GFDL-CM4/historical/r1i1p1f1/3hr/tas/gr1/latest> was submitted from host <jasmin-sci5-panfs.ceda.ac.uk> by user <esmith88> in cluster <lotus>.
Job was executed on host(s) <host316.jc.rl.ac.uk>, in queue <short-serial>, as user <esmith88> in cluster <lotus>.
</home/users/esmith88> was used as the home directory.
</home/users/esmith88/roocs/dachar> was used as the working directory.
Started at Results reported on 
Your job looked like:

------------------------------------------------------------
# LSBATCH: User input
/home/users/esmith88/roocs/dachar/lotus_script.py -p /badc/cmip6/data/CMIP6/CMIP/NOAA-GFDL/GFDL-CM4/historical/r1i1p1f1/3hr/tas/gr1/latest
------------------------------------------------------------

Successfully completed.

Resource usage summary:

    CPU time :                                   12.66 sec.
    Max Memory :                                 440 MB
    Average Memory :                             412.43 MB
    Total Requested Memory :                     -
    Delta Memory :                               -
    Max Swap :                                   157211 MB
    Max Processes :                              3
    Max Threads :                                23
    Run time :                                   1463 sec.
    Turnaround time :                            2482 sec.

The output (if any) follows:

ok


PS:

Read file <./outputs/badc/cmip6/data/CMIP6/CMIP/NOAA-GFDL/GFDL-CM4/historical/r1i1p1f1/3hr/tas/gr1/latest.err> for stderr output of this job.

