Sender: LSF System <lsfadmin@host426.jc.rl.ac.uk>
Subject: Job 3199782: </home/users/esmith88/roocs/dachar/lotus_script.py -p /badc/cmip6/data/CMIP6/CMIP/CAS/FGOALS-f3-L/abrupt-4xCO2/r2i1p1f1/day/tas/gr/latest> in cluster <lotus> Done

Job </home/users/esmith88/roocs/dachar/lotus_script.py -p /badc/cmip6/data/CMIP6/CMIP/CAS/FGOALS-f3-L/abrupt-4xCO2/r2i1p1f1/day/tas/gr/latest> was submitted from host <jasmin-sci5-panfs.ceda.ac.uk> by user <esmith88> in cluster <lotus>.
Job was executed on host(s) <host426.jc.rl.ac.uk>, in queue <short-serial>, as user <esmith88> in cluster <lotus>.
</home/users/esmith88> was used as the home directory.
</home/users/esmith88/roocs/dachar> was used as the working directory.
Started at Results reported on 
Your job looked like:

------------------------------------------------------------
# LSBATCH: User input
/home/users/esmith88/roocs/dachar/lotus_script.py -p /badc/cmip6/data/CMIP6/CMIP/CAS/FGOALS-f3-L/abrupt-4xCO2/r2i1p1f1/day/tas/gr/latest
------------------------------------------------------------

Successfully completed.

Resource usage summary:

    CPU time :                                   6.38 sec.
    Max Memory :                                 70 MB
    Average Memory :                             54.00 MB
    Total Requested Memory :                     -
    Delta Memory :                               -
    Max Swap :                                   189744 MB
    Max Processes :                              3
    Max Threads :                                27
    Run time :                                   74 sec.
    Turnaround time :                            334 sec.

The output (if any) follows:

ok


PS:

Read file <./outputs/badc/cmip6/data/CMIP6/CMIP/CAS/FGOALS-f3-L/abrupt-4xCO2/r2i1p1f1/day/tas/gr/latest.err> for stderr output of this job.

