Sender: LSF System <lsfadmin@host203.jc.rl.ac.uk>
Subject: Job 3201136: </home/users/esmith88/roocs/dachar/lotus_script.py -p /badc/cmip6/data/CMIP6/CMIP/NCC/NorESM2-MM/piControl/r1i1p1f1/Amon/tas/gn/latest> in cluster <lotus> Done

Job </home/users/esmith88/roocs/dachar/lotus_script.py -p /badc/cmip6/data/CMIP6/CMIP/NCC/NorESM2-MM/piControl/r1i1p1f1/Amon/tas/gn/latest> was submitted from host <jasmin-sci5-panfs.ceda.ac.uk> by user <esmith88> in cluster <lotus>.
Job was executed on host(s) <host203.jc.rl.ac.uk>, in queue <short-serial>, as user <esmith88> in cluster <lotus>.
</home/users/esmith88> was used as the home directory.
</home/users/esmith88/roocs/dachar> was used as the working directory.
Started at Results reported on 
Your job looked like:

------------------------------------------------------------
# LSBATCH: User input
/home/users/esmith88/roocs/dachar/lotus_script.py -p /badc/cmip6/data/CMIP6/CMIP/NCC/NorESM2-MM/piControl/r1i1p1f1/Amon/tas/gn/latest
------------------------------------------------------------

Successfully completed.

Resource usage summary:

    CPU time :                                   6.08 sec.
    Max Memory :                                 107 MB
    Average Memory :                             91.00 MB
    Total Requested Memory :                     -
    Delta Memory :                               -
    Max Swap :                                   123979 MB
    Max Processes :                              3
    Max Threads :                                19
    Run time :                                   86 sec.
    Turnaround time :                            1094 sec.

The output (if any) follows:

ok


PS:

Read file <./outputs/badc/cmip6/data/CMIP6/CMIP/NCC/NorESM2-MM/piControl/r1i1p1f1/Amon/tas/gn/latest.err> for stderr output of this job.

