Sender: LSF System <lsfadmin@host444.jc.rl.ac.uk>
Subject: Job 3200489: </home/users/esmith88/roocs/dachar/lotus_script.py -p /badc/cmip6/data/CMIP6/CMIP/MIROC/MIROC6/amip/r9i1p1f1/3hr/tas/gn/latest> in cluster <lotus> Done

Job </home/users/esmith88/roocs/dachar/lotus_script.py -p /badc/cmip6/data/CMIP6/CMIP/MIROC/MIROC6/amip/r9i1p1f1/3hr/tas/gn/latest> was submitted from host <jasmin-sci5-panfs.ceda.ac.uk> by user <esmith88> in cluster <lotus>.
Job was executed on host(s) <host444.jc.rl.ac.uk>, in queue <short-serial>, as user <esmith88> in cluster <lotus>.
</home/users/esmith88> was used as the home directory.
</home/users/esmith88/roocs/dachar> was used as the working directory.
Started at Results reported on 
Your job looked like:

------------------------------------------------------------
# LSBATCH: User input
/home/users/esmith88/roocs/dachar/lotus_script.py -p /badc/cmip6/data/CMIP6/CMIP/MIROC/MIROC6/amip/r9i1p1f1/3hr/tas/gn/latest
------------------------------------------------------------

Successfully completed.

Resource usage summary:

    CPU time :                                   9.02 sec.
    Max Memory :                                 135 MB
    Average Memory :                             103.57 MB
    Total Requested Memory :                     -
    Delta Memory :                               -
    Max Swap :                                   189810 MB
    Max Processes :                              3
    Max Threads :                                27
    Run time :                                   74 sec.
    Turnaround time :                            792 sec.

The output (if any) follows:

ok


PS:

Read file <./outputs/badc/cmip6/data/CMIP6/CMIP/MIROC/MIROC6/amip/r9i1p1f1/3hr/tas/gn/latest.err> for stderr output of this job.

