Sender: LSF System <lsfadmin@host405.jc.rl.ac.uk>
Subject: Job 3200780: </home/users/esmith88/roocs/dachar/lotus_script.py -p /badc/cmip6/data/CMIP6/CMIP/MRI/MRI-ESM2-0/abrupt-4xCO2/r13i1p1f1/3hr/tas/gn/latest> in cluster <lotus> Done

Job </home/users/esmith88/roocs/dachar/lotus_script.py -p /badc/cmip6/data/CMIP6/CMIP/MRI/MRI-ESM2-0/abrupt-4xCO2/r13i1p1f1/3hr/tas/gn/latest> was submitted from host <jasmin-sci5-panfs.ceda.ac.uk> by user <esmith88> in cluster <lotus>.
Job was executed on host(s) <host405.jc.rl.ac.uk>, in queue <short-serial>, as user <esmith88> in cluster <lotus>.
</home/users/esmith88> was used as the home directory.
</home/users/esmith88/roocs/dachar> was used as the working directory.
Started at Results reported on 
Your job looked like:

------------------------------------------------------------
# LSBATCH: User input
/home/users/esmith88/roocs/dachar/lotus_script.py -p /badc/cmip6/data/CMIP6/CMIP/MRI/MRI-ESM2-0/abrupt-4xCO2/r13i1p1f1/3hr/tas/gn/latest
------------------------------------------------------------

Successfully completed.

Resource usage summary:

    CPU time :                                   10.03 sec.
    Max Memory :                                 265 MB
    Average Memory :                             243.90 MB
    Total Requested Memory :                     -
    Delta Memory :                               -
    Max Swap :                                   189941 MB
    Max Processes :                              3
    Max Threads :                                27
    Run time :                                   111 sec.
    Turnaround time :                            1000 sec.

The output (if any) follows:

ok


PS:

Read file <./outputs/badc/cmip6/data/CMIP6/CMIP/MRI/MRI-ESM2-0/abrupt-4xCO2/r13i1p1f1/3hr/tas/gn/latest.err> for stderr output of this job.

