Sender: LSF System <lsfadmin@host388.jc.rl.ac.uk>
Subject: Job 3200977: </home/users/esmith88/roocs/dachar/lotus_script.py -p /badc/cmip6/data/CMIP6/CMIP/NCAR/CESM2/piControl/r1i1p1f1/Amon/tas/gn/latest> in cluster <lotus> Exited

Job </home/users/esmith88/roocs/dachar/lotus_script.py -p /badc/cmip6/data/CMIP6/CMIP/NCAR/CESM2/piControl/r1i1p1f1/Amon/tas/gn/latest> was submitted from host <jasmin-sci5-panfs.ceda.ac.uk> by user <esmith88> in cluster <lotus>.
Job was executed on host(s) <host388.jc.rl.ac.uk>, in queue <short-serial>, as user <esmith88> in cluster <lotus>.
</home/users/esmith88> was used as the home directory.
</home/users/esmith88/roocs/dachar> was used as the working directory.
Started at Results reported on 
Your job looked like:

------------------------------------------------------------
# LSBATCH: User input
/home/users/esmith88/roocs/dachar/lotus_script.py -p /badc/cmip6/data/CMIP6/CMIP/NCAR/CESM2/piControl/r1i1p1f1/Amon/tas/gn/latest
------------------------------------------------------------

Exited with exit code 1.

Resource usage summary:

    CPU time :                                   4.30 sec.
    Max Memory :                                 43 MB
    Average Memory :                             43.00 MB
    Total Requested Memory :                     -
    Delta Memory :                               -
    Max Swap :                                   189655 MB
    Max Processes :                              3
    Max Threads :                                27
    Run time :                                   34 sec.
    Turnaround time :                            1012 sec.

The output (if any) follows:

Height variable missing in dataset /badc/cmip6/data/CMIP6/CMIP/NCAR/CESM2/piControl/r1i1p1f1/Amon/tas/gn/latest


PS:

Read file <./outputs/badc/cmip6/data/CMIP6/CMIP/NCAR/CESM2/piControl/r1i1p1f1/Amon/tas/gn/latest.err> for stderr output of this job.

