Sender: LSF System <lsfadmin@host425.jc.rl.ac.uk>
Subject: Job 3200567: </home/users/esmith88/roocs/dachar/lotus_script.py -p /badc/cmip6/data/CMIP6/CMIP/MOHC/HadGEM3-GC31-MM/historical/r1i1p1f3/day/tas/gn/latest> in cluster <lotus> Done

Job </home/users/esmith88/roocs/dachar/lotus_script.py -p /badc/cmip6/data/CMIP6/CMIP/MOHC/HadGEM3-GC31-MM/historical/r1i1p1f3/day/tas/gn/latest> was submitted from host <jasmin-sci5-panfs.ceda.ac.uk> by user <esmith88> in cluster <lotus>.
Job was executed on host(s) <host425.jc.rl.ac.uk>, in queue <short-serial>, as user <esmith88> in cluster <lotus>.
</home/users/esmith88> was used as the home directory.
</home/users/esmith88/roocs/dachar> was used as the working directory.
Started at Results reported on 
Your job looked like:

------------------------------------------------------------
# LSBATCH: User input
/home/users/esmith88/roocs/dachar/lotus_script.py -p /badc/cmip6/data/CMIP6/CMIP/MOHC/HadGEM3-GC31-MM/historical/r1i1p1f3/day/tas/gn/latest
------------------------------------------------------------

Successfully completed.

Resource usage summary:

    CPU time :                                   6.92 sec.
    Max Memory :                                 158 MB
    Average Memory :                             114.71 MB
    Total Requested Memory :                     -
    Delta Memory :                               -
    Max Swap :                                   189827 MB
    Max Processes :                              3
    Max Threads :                                27
    Run time :                                   304 sec.
    Turnaround time :                            1059 sec.

The output (if any) follows:

ok


PS:

Read file <./outputs/badc/cmip6/data/CMIP6/CMIP/MOHC/HadGEM3-GC31-MM/historical/r1i1p1f3/day/tas/gn/latest.err> for stderr output of this job.

