Sender: LSF System <lsfadmin@host302.jc.rl.ac.uk>
Subject: Job 3203004: </home/users/esmith88/roocs/dachar/lotus_script.py -p /badc/cmip6/data/CMIP6/CMIP/CNRM-CERFACS/CNRM-ESM2-1/historical/r3i1p1f2/day/vas/gr/latest> in cluster <lotus> Done

Job </home/users/esmith88/roocs/dachar/lotus_script.py -p /badc/cmip6/data/CMIP6/CMIP/CNRM-CERFACS/CNRM-ESM2-1/historical/r3i1p1f2/day/vas/gr/latest> was submitted from host <jasmin-sci5-panfs.ceda.ac.uk> by user <esmith88> in cluster <lotus>.
Job was executed on host(s) <host302.jc.rl.ac.uk>, in queue <short-serial>, as user <esmith88> in cluster <lotus>.
</home/users/esmith88> was used as the home directory.
</home/users/esmith88/roocs/dachar> was used as the working directory.
Started at Results reported on 
Your job looked like:

------------------------------------------------------------
# LSBATCH: User input
/home/users/esmith88/roocs/dachar/lotus_script.py -p /badc/cmip6/data/CMIP6/CMIP/CNRM-CERFACS/CNRM-ESM2-1/historical/r3i1p1f2/day/vas/gr/latest
------------------------------------------------------------

Successfully completed.

Resource usage summary:

    CPU time :                                   5.95 sec.
    Max Memory :                                 279 MB
    Average Memory :                             271.00 MB
    Total Requested Memory :                     -
    Delta Memory :                               -
    Max Swap :                                   157058 MB
    Max Processes :                              3
    Max Threads :                                23
    Run time :                                   65 sec.
    Turnaround time :                            460 sec.

The output (if any) follows:

ok


PS:

Read file <./outputs/badc/cmip6/data/CMIP6/CMIP/CNRM-CERFACS/CNRM-ESM2-1/historical/r3i1p1f2/day/vas/gr/latest.err> for stderr output of this job.

