Sender: LSF System <lsfadmin@host409.jc.rl.ac.uk>
Subject: Job 3203275: </home/users/esmith88/roocs/dachar/lotus_script.py -p /badc/cmip6/data/CMIP6/CMIP/MOHC/UKESM1-0-LL/historical/r6i1p1f3/day/vas/gn/latest> in cluster <lotus> Done

Job </home/users/esmith88/roocs/dachar/lotus_script.py -p /badc/cmip6/data/CMIP6/CMIP/MOHC/UKESM1-0-LL/historical/r6i1p1f3/day/vas/gn/latest> was submitted from host <jasmin-sci5-panfs.ceda.ac.uk> by user <esmith88> in cluster <lotus>.
Job was executed on host(s) <host409.jc.rl.ac.uk>, in queue <short-serial>, as user <esmith88> in cluster <lotus>.
</home/users/esmith88> was used as the home directory.
</home/users/esmith88/roocs/dachar> was used as the working directory.
Started at Results reported on 
Your job looked like:

------------------------------------------------------------
# LSBATCH: User input
/home/users/esmith88/roocs/dachar/lotus_script.py -p /badc/cmip6/data/CMIP6/CMIP/MOHC/UKESM1-0-LL/historical/r6i1p1f3/day/vas/gn/latest
------------------------------------------------------------

Successfully completed.

Resource usage summary:

    CPU time :                                   5.69 sec.
    Max Memory :                                 272 MB
    Average Memory :                             109.33 MB
    Total Requested Memory :                     -
    Delta Memory :                               -
    Max Swap :                                   189941 MB
    Max Processes :                              3
    Max Threads :                                27
    Run time :                                   63 sec.
    Turnaround time :                            881 sec.

The output (if any) follows:

ok


PS:

Read file <./outputs/badc/cmip6/data/CMIP6/CMIP/MOHC/UKESM1-0-LL/historical/r6i1p1f3/day/vas/gn/latest.err> for stderr output of this job.

