Sender: LSF System <lsfadmin@host464.jc.rl.ac.uk>
Subject: Job 3200588: </home/users/esmith88/roocs/dachar/lotus_script.py -p /badc/cmip6/data/CMIP6/CMIP/MOHC/UKESM1-0-LL/esm-hist/r1i1p1f2/day/tas/gn/latest> in cluster <lotus> Done

Job </home/users/esmith88/roocs/dachar/lotus_script.py -p /badc/cmip6/data/CMIP6/CMIP/MOHC/UKESM1-0-LL/esm-hist/r1i1p1f2/day/tas/gn/latest> was submitted from host <jasmin-sci5-panfs.ceda.ac.uk> by user <esmith88> in cluster <lotus>.
Job was executed on host(s) <host464.jc.rl.ac.uk>, in queue <short-serial>, as user <esmith88> in cluster <lotus>.
</home/users/esmith88> was used as the home directory.
</home/users/esmith88/roocs/dachar> was used as the working directory.
Started at Results reported on 
Your job looked like:

------------------------------------------------------------
# LSBATCH: User input
/home/users/esmith88/roocs/dachar/lotus_script.py -p /badc/cmip6/data/CMIP6/CMIP/MOHC/UKESM1-0-LL/esm-hist/r1i1p1f2/day/tas/gn/latest
------------------------------------------------------------

Successfully completed.

Resource usage summary:

    CPU time :                                   11.14 sec.
    Max Memory :                                 274 MB
    Average Memory :                             164.50 MB
    Total Requested Memory :                     -
    Delta Memory :                               -
    Max Swap :                                   189951 MB
    Max Processes :                              3
    Max Threads :                                27
    Run time :                                   56 sec.
    Turnaround time :                            822 sec.

The output (if any) follows:

ok


PS:

Read file <./outputs/badc/cmip6/data/CMIP6/CMIP/MOHC/UKESM1-0-LL/esm-hist/r1i1p1f2/day/tas/gn/latest.err> for stderr output of this job.

