Sender: LSF System <lsfadmin@host439.jc.rl.ac.uk>
Subject: Job 3200324: </home/users/esmith88/roocs/dachar/lotus_script.py -p /badc/cmip6/data/CMIP6/CMIP/IPSL/IPSL-CM6A-LR/1pctCO2/r1i1p1f1/ImonAnt/tas/gra/latest> in cluster <lotus> Done

Job </home/users/esmith88/roocs/dachar/lotus_script.py -p /badc/cmip6/data/CMIP6/CMIP/IPSL/IPSL-CM6A-LR/1pctCO2/r1i1p1f1/ImonAnt/tas/gra/latest> was submitted from host <jasmin-sci5-panfs.ceda.ac.uk> by user <esmith88> in cluster <lotus>.
Job was executed on host(s) <host439.jc.rl.ac.uk>, in queue <short-serial>, as user <esmith88> in cluster <lotus>.
</home/users/esmith88> was used as the home directory.
</home/users/esmith88/roocs/dachar> was used as the working directory.
Started at Results reported on 
Your job looked like:

------------------------------------------------------------
# LSBATCH: User input
/home/users/esmith88/roocs/dachar/lotus_script.py -p /badc/cmip6/data/CMIP6/CMIP/IPSL/IPSL-CM6A-LR/1pctCO2/r1i1p1f1/ImonAnt/tas/gra/latest
------------------------------------------------------------

Successfully completed.

Resource usage summary:

    CPU time :                                   3.93 sec.
    Max Memory :                                 56 MB
    Average Memory :                             56.00 MB
    Total Requested Memory :                     -
    Delta Memory :                               -
    Max Swap :                                   189675 MB
    Max Processes :                              3
    Max Threads :                                27
    Run time :                                   38 sec.
    Turnaround time :                            696 sec.

The output (if any) follows:

ok


PS:

Read file <./outputs/badc/cmip6/data/CMIP6/CMIP/IPSL/IPSL-CM6A-LR/1pctCO2/r1i1p1f1/ImonAnt/tas/gra/latest.err> for stderr output of this job.

