Sender: LSF System <lsfadmin@host418.jc.rl.ac.uk>
Subject: Job 3203143: </home/users/esmith88/roocs/dachar/lotus_script.py -p /badc/cmip6/data/CMIP6/CMIP/IPSL/IPSL-CM6A-LR/piControl/r1i1p1f1/CFsubhr/vas/gn/latest> in cluster <lotus> Exited

Job </home/users/esmith88/roocs/dachar/lotus_script.py -p /badc/cmip6/data/CMIP6/CMIP/IPSL/IPSL-CM6A-LR/piControl/r1i1p1f1/CFsubhr/vas/gn/latest> was submitted from host <jasmin-sci5-panfs.ceda.ac.uk> by user <esmith88> in cluster <lotus>.
Job was executed on host(s) <host418.jc.rl.ac.uk>, in queue <short-serial>, as user <esmith88> in cluster <lotus>.
</home/users/esmith88> was used as the home directory.
</home/users/esmith88/roocs/dachar> was used as the working directory.
Started at Results reported on 
Your job looked like:

------------------------------------------------------------
# LSBATCH: User input
/home/users/esmith88/roocs/dachar/lotus_script.py -p /badc/cmip6/data/CMIP6/CMIP/IPSL/IPSL-CM6A-LR/piControl/r1i1p1f1/CFsubhr/vas/gn/latest
------------------------------------------------------------

TERM_MEMLIMIT: job killed after reaching LSF memory usage limit.
Exited with exit code 1.

Resource usage summary:

    CPU time :                                   33.68 sec.
    Max Memory :                                 9846 MB
    Average Memory :                             1986.80 MB
    Total Requested Memory :                     -
    Delta Memory :                               -
    Max Swap :                                   199545 MB
    Max Processes :                              3
    Max Threads :                                27
    Run time :                                   58 sec.
    Turnaround time :                            750 sec.

The output (if any) follows:



PS:

Read file <./outputs/badc/cmip6/data/CMIP6/CMIP/IPSL/IPSL-CM6A-LR/piControl/r1i1p1f1/CFsubhr/vas/gn/latest.err> for stderr output of this job.

