Sender: LSF System <lsfadmin@host301.jc.rl.ac.uk>
Subject: Job 3202904: </home/users/esmith88/roocs/dachar/lotus_script.py -p /badc/cmip6/data/CMIP6/CMIP/AWI/AWI-CM-1-1-MR/piControl/r1i1p1f1/Amon/vas/gn/latest> in cluster <lotus> Done

Job </home/users/esmith88/roocs/dachar/lotus_script.py -p /badc/cmip6/data/CMIP6/CMIP/AWI/AWI-CM-1-1-MR/piControl/r1i1p1f1/Amon/vas/gn/latest> was submitted from host <jasmin-sci5-panfs.ceda.ac.uk> by user <esmith88> in cluster <lotus>.
Job was executed on host(s) <host301.jc.rl.ac.uk>, in queue <short-serial>, as user <esmith88> in cluster <lotus>.
</home/users/esmith88> was used as the home directory.
</home/users/esmith88/roocs/dachar> was used as the working directory.
Started at Results reported on 
Your job looked like:

------------------------------------------------------------
# LSBATCH: User input
/home/users/esmith88/roocs/dachar/lotus_script.py -p /badc/cmip6/data/CMIP6/CMIP/AWI/AWI-CM-1-1-MR/piControl/r1i1p1f1/Amon/vas/gn/latest
------------------------------------------------------------

Successfully completed.

Resource usage summary:

    CPU time :                                   23.87 sec.
    Max Memory :                                 236 MB
    Average Memory :                             210.72 MB
    Total Requested Memory :                     -
    Delta Memory :                               -
    Max Swap :                                   157018 MB
    Max Processes :                              3
    Max Threads :                                23
    Run time :                                   771 sec.
    Turnaround time :                            811 sec.

The output (if any) follows:

ok


PS:

Read file <./outputs/badc/cmip6/data/CMIP6/CMIP/AWI/AWI-CM-1-1-MR/piControl/r1i1p1f1/Amon/vas/gn/latest.err> for stderr output of this job.

