Sender: LSF System <lsfadmin@host410.jc.rl.ac.uk>
Subject: Job 3200212: </home/users/esmith88/roocs/dachar/lotus_script.py -p /badc/cmip6/data/CMIP6/CMIP/CSIRO-ARCCSS/ACCESS-CM2/piControl/r1i1p1f1/Amon/tas/gn/latest> in cluster <lotus> Done

Job </home/users/esmith88/roocs/dachar/lotus_script.py -p /badc/cmip6/data/CMIP6/CMIP/CSIRO-ARCCSS/ACCESS-CM2/piControl/r1i1p1f1/Amon/tas/gn/latest> was submitted from host <jasmin-sci5-panfs.ceda.ac.uk> by user <esmith88> in cluster <lotus>.
Job was executed on host(s) <host410.jc.rl.ac.uk>, in queue <short-serial>, as user <esmith88> in cluster <lotus>.
</home/users/esmith88> was used as the home directory.
</home/users/esmith88/roocs/dachar> was used as the working directory.
Started at Results reported on 
Your job looked like:

------------------------------------------------------------
# LSBATCH: User input
/home/users/esmith88/roocs/dachar/lotus_script.py -p /badc/cmip6/data/CMIP6/CMIP/CSIRO-ARCCSS/ACCESS-CM2/piControl/r1i1p1f1/Amon/tas/gn/latest
------------------------------------------------------------

Successfully completed.

Resource usage summary:

    CPU time :                                   3.90 sec.
    Max Memory :                                 63 MB
    Average Memory :                             63.00 MB
    Total Requested Memory :                     -
    Delta Memory :                               -
    Max Swap :                                   189706 MB
    Max Processes :                              3
    Max Threads :                                27
    Run time :                                   24 sec.
    Turnaround time :                            582 sec.

The output (if any) follows:

ok


PS:

Read file <./outputs/badc/cmip6/data/CMIP6/CMIP/CSIRO-ARCCSS/ACCESS-CM2/piControl/r1i1p1f1/Amon/tas/gn/latest.err> for stderr output of this job.

