Sender: LSF System <lsfadmin@host404.jc.rl.ac.uk>
Subject: Job 3201182: </home/users/esmith88/roocs/dachar/lotus_script.py -p /badc/cmip6/data/CMIP6/CMIP/NOAA-GFDL/GFDL-ESM4/historical/r1i1p1f1/3hr/tas/gr1/latest> in cluster <lotus> Done

Job </home/users/esmith88/roocs/dachar/lotus_script.py -p /badc/cmip6/data/CMIP6/CMIP/NOAA-GFDL/GFDL-ESM4/historical/r1i1p1f1/3hr/tas/gr1/latest> was submitted from host <jasmin-sci5-panfs.ceda.ac.uk> by user <esmith88> in cluster <lotus>.
Job was executed on host(s) <host404.jc.rl.ac.uk>, in queue <short-serial>, as user <esmith88> in cluster <lotus>.
</home/users/esmith88> was used as the home directory.
</home/users/esmith88/roocs/dachar> was used as the working directory.
Started at Results reported on 
Your job looked like:

------------------------------------------------------------
# LSBATCH: User input
/home/users/esmith88/roocs/dachar/lotus_script.py -p /badc/cmip6/data/CMIP6/CMIP/NOAA-GFDL/GFDL-ESM4/historical/r1i1p1f1/3hr/tas/gr1/latest
------------------------------------------------------------

Successfully completed.

Resource usage summary:

    CPU time :                                   24.22 sec.
    Max Memory :                                 597 MB
    Average Memory :                             487.67 MB
    Total Requested Memory :                     -
    Delta Memory :                               -
    Max Swap :                                   190260 MB
    Max Processes :                              3
    Max Threads :                                27
    Run time :                                   467 sec.
    Turnaround time :                            1488 sec.

The output (if any) follows:

ok


PS:

Read file <./outputs/badc/cmip6/data/CMIP6/CMIP/NOAA-GFDL/GFDL-ESM4/historical/r1i1p1f1/3hr/tas/gr1/latest.err> for stderr output of this job.

