Sender: LSF System <lsfadmin@host483.jc.rl.ac.uk>
Subject: Job 3199982: </home/users/esmith88/roocs/dachar/lotus_script.py -p /badc/cmip6/data/CMIP6/CMIP/CCCma/CanESM5-CanOE/historical/r3i1p2f1/Amon/tas/gn/latest> in cluster <lotus> Done

Job </home/users/esmith88/roocs/dachar/lotus_script.py -p /badc/cmip6/data/CMIP6/CMIP/CCCma/CanESM5-CanOE/historical/r3i1p2f1/Amon/tas/gn/latest> was submitted from host <jasmin-sci5-panfs.ceda.ac.uk> by user <esmith88> in cluster <lotus>.
Job was executed on host(s) <host483.jc.rl.ac.uk>, in queue <short-serial>, as user <esmith88> in cluster <lotus>.
</home/users/esmith88> was used as the home directory.
</home/users/esmith88/roocs/dachar> was used as the working directory.
Started at Results reported on 
Your job looked like:

------------------------------------------------------------
# LSBATCH: User input
/home/users/esmith88/roocs/dachar/lotus_script.py -p /badc/cmip6/data/CMIP6/CMIP/CCCma/CanESM5-CanOE/historical/r3i1p2f1/Amon/tas/gn/latest
------------------------------------------------------------

Successfully completed.

Resource usage summary:

    CPU time :                                   3.85 sec.
    Max Memory :                                 31 MB
    Average Memory :                             31.00 MB
    Total Requested Memory :                     -
    Delta Memory :                               -
    Max Swap :                                   189564 MB
    Max Processes :                              3
    Max Threads :                                27
    Run time :                                   14 sec.
    Turnaround time :                            402 sec.

The output (if any) follows:

ok


PS:

Read file <./outputs/badc/cmip6/data/CMIP6/CMIP/CCCma/CanESM5-CanOE/historical/r3i1p2f1/Amon/tas/gn/latest.err> for stderr output of this job.

