Sender: LSF System <lsfadmin@host412.jc.rl.ac.uk>
Subject: Job 3200642: </home/users/esmith88/roocs/dachar/lotus_script.py -p /badc/cmip6/data/CMIP6/CMIP/MPI-M/MPI-ESM1-2-HR/amip/r2i1p1f1/6hrPlevPt/tas/gn/latest> in cluster <lotus> Done

Job </home/users/esmith88/roocs/dachar/lotus_script.py -p /badc/cmip6/data/CMIP6/CMIP/MPI-M/MPI-ESM1-2-HR/amip/r2i1p1f1/6hrPlevPt/tas/gn/latest> was submitted from host <jasmin-sci5-panfs.ceda.ac.uk> by user <esmith88> in cluster <lotus>.
Job was executed on host(s) <host412.jc.rl.ac.uk>, in queue <short-serial>, as user <esmith88> in cluster <lotus>.
</home/users/esmith88> was used as the home directory.
</home/users/esmith88/roocs/dachar> was used as the working directory.
Started at Results reported on 
Your job looked like:

------------------------------------------------------------
# LSBATCH: User input
/home/users/esmith88/roocs/dachar/lotus_script.py -p /badc/cmip6/data/CMIP6/CMIP/MPI-M/MPI-ESM1-2-HR/amip/r2i1p1f1/6hrPlevPt/tas/gn/latest
------------------------------------------------------------

Successfully completed.

Resource usage summary:

    CPU time :                                   6.29 sec.
    Max Memory :                                 119 MB
    Average Memory :                             119.00 MB
    Total Requested Memory :                     -
    Delta Memory :                               -
    Max Swap :                                   189784 MB
    Max Processes :                              3
    Max Threads :                                27
    Run time :                                   45 sec.
    Turnaround time :                            837 sec.

The output (if any) follows:

ok


PS:

Read file <./outputs/badc/cmip6/data/CMIP6/CMIP/MPI-M/MPI-ESM1-2-HR/amip/r2i1p1f1/6hrPlevPt/tas/gn/latest.err> for stderr output of this job.

