Sender: LSF System <lsfadmin@host318.jc.rl.ac.uk>
Subject: Job 3199657: </home/users/esmith88/roocs/dachar/lotus_script.py -p /badc/cmip6/data/CMIP6/CMIP/AS-RCEC/TaiESM1/1pctCO2/r1i1p1f1/3hr/tas/gn/latest> in cluster <lotus> Exited

Job </home/users/esmith88/roocs/dachar/lotus_script.py -p /badc/cmip6/data/CMIP6/CMIP/AS-RCEC/TaiESM1/1pctCO2/r1i1p1f1/3hr/tas/gn/latest> was submitted from host <jasmin-sci5-panfs.ceda.ac.uk> by user <esmith88> in cluster <lotus>.
Job was executed on host(s) <host318.jc.rl.ac.uk>, in queue <short-serial>, as user <esmith88> in cluster <lotus>.
</home/users/esmith88> was used as the home directory.
</home/users/esmith88/roocs/dachar> was used as the working directory.
Started at Results reported on 
Your job looked like:

------------------------------------------------------------
# LSBATCH: User input
/home/users/esmith88/roocs/dachar/lotus_script.py -p /badc/cmip6/data/CMIP6/CMIP/AS-RCEC/TaiESM1/1pctCO2/r1i1p1f1/3hr/tas/gn/latest
------------------------------------------------------------

TERM_OWNER: job killed by owner.
Exited with exit code 143.

Resource usage summary:

    CPU time :                                   3.65 sec.
    Max Memory :                                 231 MB
    Average Memory :                             230.50 MB
    Total Requested Memory :                     -
    Delta Memory :                               -
    Max Swap :                                   157003 MB
    Max Processes :                              3
    Max Threads :                                23
    Run time :                                   93 sec.
    Turnaround time :                            90 sec.

The output (if any) follows:



PS:

Read file <./outputs/badc/cmip6/data/CMIP6/CMIP/AS-RCEC/TaiESM1/1pctCO2/r1i1p1f1/3hr/tas/gn/latest.err> for stderr output of this job.

Sender: LSF System <lsfadmin@host443.jc.rl.ac.uk>
Subject: Job 3199672: </home/users/esmith88/roocs/dachar/lotus_script.py -p /badc/cmip6/data/CMIP6/CMIP/AS-RCEC/TaiESM1/1pctCO2/r1i1p1f1/3hr/tas/gn/latest> in cluster <lotus> Done

Job </home/users/esmith88/roocs/dachar/lotus_script.py -p /badc/cmip6/data/CMIP6/CMIP/AS-RCEC/TaiESM1/1pctCO2/r1i1p1f1/3hr/tas/gn/latest> was submitted from host <jasmin-sci5-panfs.ceda.ac.uk> by user <esmith88> in cluster <lotus>.
Job was executed on host(s) <host443.jc.rl.ac.uk>, in queue <short-serial>, as user <esmith88> in cluster <lotus>.
</home/users/esmith88> was used as the home directory.
</home/users/esmith88/roocs/dachar> was used as the working directory.
Started at Results reported on 
Your job looked like:

------------------------------------------------------------
# LSBATCH: User input
/home/users/esmith88/roocs/dachar/lotus_script.py -p /badc/cmip6/data/CMIP6/CMIP/AS-RCEC/TaiESM1/1pctCO2/r1i1p1f1/3hr/tas/gn/latest
------------------------------------------------------------

Successfully completed.

Resource usage summary:

    CPU time :                                   21.83 sec.
    Max Memory :                                 423 MB
    Average Memory :                             329.36 MB
    Total Requested Memory :                     -
    Delta Memory :                               -
    Max Swap :                                   190095 MB
    Max Processes :                              3
    Max Threads :                                27
    Run time :                                   430 sec.
    Turnaround time :                            431 sec.

The output (if any) follows:

ok


PS:

Read file <./outputs/badc/cmip6/data/CMIP6/CMIP/AS-RCEC/TaiESM1/1pctCO2/r1i1p1f1/3hr/tas/gn/latest.err> for stderr output of this job.

