Sender: LSF System <lsfadmin@host397.jc.rl.ac.uk>
Subject: Job 3203368: </home/users/esmith88/roocs/dachar/lotus_script.py -p /badc/cmip6/data/CMIP6/CMIP/NIMS-KMA/UKESM1-0-LL/historical/r13i1p1f2/day/vas/gn/latest> in cluster <lotus> Done

Job </home/users/esmith88/roocs/dachar/lotus_script.py -p /badc/cmip6/data/CMIP6/CMIP/NIMS-KMA/UKESM1-0-LL/historical/r13i1p1f2/day/vas/gn/latest> was submitted from host <jasmin-sci5-panfs.ceda.ac.uk> by user <esmith88> in cluster <lotus>.
Job was executed on host(s) <host397.jc.rl.ac.uk>, in queue <short-serial>, as user <esmith88> in cluster <lotus>.
</home/users/esmith88> was used as the home directory.
</home/users/esmith88/roocs/dachar> was used as the working directory.
Started at Results reported on 
Your job looked like:

------------------------------------------------------------
# LSBATCH: User input
/home/users/esmith88/roocs/dachar/lotus_script.py -p /badc/cmip6/data/CMIP6/CMIP/NIMS-KMA/UKESM1-0-LL/historical/r13i1p1f2/day/vas/gn/latest
------------------------------------------------------------

Successfully completed.

Resource usage summary:

    CPU time :                                   4.26 sec.
    Max Memory :                                 54 MB
    Average Memory :                             54.00 MB
    Total Requested Memory :                     -
    Delta Memory :                               -
    Max Swap :                                   189698 MB
    Max Processes :                              3
    Max Threads :                                27
    Run time :                                   38 sec.
    Turnaround time :                            900 sec.

The output (if any) follows:

ok


PS:

Read file <./outputs/badc/cmip6/data/CMIP6/CMIP/NIMS-KMA/UKESM1-0-LL/historical/r13i1p1f2/day/vas/gn/latest.err> for stderr output of this job.

