Sender: LSF System <lsfadmin@host461.jc.rl.ac.uk>
Subject: Job 3199848: </home/users/esmith88/roocs/dachar/lotus_script.py -p /badc/cmip6/data/CMIP6/CMIP/CCCma/CanESM5/amip/r1i1p2f1/day/tas/gn/latest> in cluster <lotus> Done

Job </home/users/esmith88/roocs/dachar/lotus_script.py -p /badc/cmip6/data/CMIP6/CMIP/CCCma/CanESM5/amip/r1i1p2f1/day/tas/gn/latest> was submitted from host <jasmin-sci5-panfs.ceda.ac.uk> by user <esmith88> in cluster <lotus>.
Job was executed on host(s) <host461.jc.rl.ac.uk>, in queue <short-serial>, as user <esmith88> in cluster <lotus>.
</home/users/esmith88> was used as the home directory.
</home/users/esmith88/roocs/dachar> was used as the working directory.
Started at Results reported on 
Your job looked like:

------------------------------------------------------------
# LSBATCH: User input
/home/users/esmith88/roocs/dachar/lotus_script.py -p /badc/cmip6/data/CMIP6/CMIP/CCCma/CanESM5/amip/r1i1p2f1/day/tas/gn/latest
------------------------------------------------------------

Successfully completed.

Resource usage summary:

    CPU time :                                   8.13 sec.
    Max Memory :                                 10 MB
    Average Memory :                             10.00 MB
    Total Requested Memory :                     -
    Delta Memory :                               -
    Max Swap :                                   251 MB
    Max Processes :                              3
    Max Threads :                                4
    Run time :                                   61 sec.
    Turnaround time :                            381 sec.

The output (if any) follows:

ok


PS:

Read file <./outputs/badc/cmip6/data/CMIP6/CMIP/CCCma/CanESM5/amip/r1i1p2f1/day/tas/gn/latest.err> for stderr output of this job.

