Sender: LSF System <lsfadmin@host426.jc.rl.ac.uk>
Subject: Job 3200266: </home/users/esmith88/roocs/dachar/lotus_script.py -p /badc/cmip6/data/CMIP6/CMIP/EC-Earth-Consortium/EC-Earth3-Veg/historical/r5i1p1f1/day/tas/gr/latest> in cluster <lotus> Done

Job </home/users/esmith88/roocs/dachar/lotus_script.py -p /badc/cmip6/data/CMIP6/CMIP/EC-Earth-Consortium/EC-Earth3-Veg/historical/r5i1p1f1/day/tas/gr/latest> was submitted from host <jasmin-sci5-panfs.ceda.ac.uk> by user <esmith88> in cluster <lotus>.
Job was executed on host(s) <host426.jc.rl.ac.uk>, in queue <short-serial>, as user <esmith88> in cluster <lotus>.
</home/users/esmith88> was used as the home directory.
</home/users/esmith88/roocs/dachar> was used as the working directory.
Started at Results reported on 
Your job looked like:

------------------------------------------------------------
# LSBATCH: User input
/home/users/esmith88/roocs/dachar/lotus_script.py -p /badc/cmip6/data/CMIP6/CMIP/EC-Earth-Consortium/EC-Earth3-Veg/historical/r5i1p1f1/day/tas/gr/latest
------------------------------------------------------------

Successfully completed.

Resource usage summary:

    CPU time :                                   13.89 sec.
    Max Memory :                                 258 MB
    Average Memory :                             145.67 MB
    Total Requested Memory :                     -
    Delta Memory :                               -
    Max Swap :                                   189935 MB
    Max Processes :                              3
    Max Threads :                                27
    Run time :                                   127 sec.
    Turnaround time :                            731 sec.

The output (if any) follows:

ok


PS:

Read file <./outputs/badc/cmip6/data/CMIP6/CMIP/EC-Earth-Consortium/EC-Earth3-Veg/historical/r5i1p1f1/day/tas/gr/latest.err> for stderr output of this job.

