Sender: LSF System <lsfadmin@host313.jc.rl.ac.uk>
Subject: Job 3199733: </home/users/esmith88/roocs/dachar/lotus_script.py -p /badc/cmip6/data/CMIP6/CMIP/BCC/BCC-CSM2-MR/esm-piControl/r1i1p1f1/Amon/tas/gn/latest> in cluster <lotus> Done

Job </home/users/esmith88/roocs/dachar/lotus_script.py -p /badc/cmip6/data/CMIP6/CMIP/BCC/BCC-CSM2-MR/esm-piControl/r1i1p1f1/Amon/tas/gn/latest> was submitted from host <jasmin-sci5-panfs.ceda.ac.uk> by user <esmith88> in cluster <lotus>.
Job was executed on host(s) <host313.jc.rl.ac.uk>, in queue <short-serial>, as user <esmith88> in cluster <lotus>.
</home/users/esmith88> was used as the home directory.
</home/users/esmith88/roocs/dachar> was used as the working directory.
Started at Results reported on 
Your job looked like:

------------------------------------------------------------
# LSBATCH: User input
/home/users/esmith88/roocs/dachar/lotus_script.py -p /badc/cmip6/data/CMIP6/CMIP/BCC/BCC-CSM2-MR/esm-piControl/r1i1p1f1/Amon/tas/gn/latest
------------------------------------------------------------

Successfully completed.

Resource usage summary:

    CPU time :                                   3.82 sec.
    Max Memory :                                 70 MB
    Average Memory :                             70.00 MB
    Total Requested Memory :                     -
    Delta Memory :                               -
    Max Swap :                                   156844 MB
    Max Processes :                              3
    Max Threads :                                23
    Run time :                                   54 sec.
    Turnaround time :                            251 sec.

The output (if any) follows:

ok


PS:

Read file <./outputs/badc/cmip6/data/CMIP6/CMIP/BCC/BCC-CSM2-MR/esm-piControl/r1i1p1f1/Amon/tas/gn/latest.err> for stderr output of this job.

