Sender: LSF System <lsfadmin@host306.jc.rl.ac.uk>
Subject: Job 3200012: </home/users/esmith88/roocs/dachar/lotus_script.py -p /badc/cmip6/data/CMIP6/CMIP/CNRM-CERFACS/CNRM-CM6-1/historical/r12i1p1f2/AERhr/tas/gr/latest> in cluster <lotus> Exited

Job </home/users/esmith88/roocs/dachar/lotus_script.py -p /badc/cmip6/data/CMIP6/CMIP/CNRM-CERFACS/CNRM-CM6-1/historical/r12i1p1f2/AERhr/tas/gr/latest> was submitted from host <jasmin-sci5-panfs.ceda.ac.uk> by user <esmith88> in cluster <lotus>.
Job was executed on host(s) <host306.jc.rl.ac.uk>, in queue <short-serial>, as user <esmith88> in cluster <lotus>.
</home/users/esmith88> was used as the home directory.
</home/users/esmith88/roocs/dachar> was used as the working directory.
Started at Results reported on 
Your job looked like:

------------------------------------------------------------
# LSBATCH: User input
/home/users/esmith88/roocs/dachar/lotus_script.py -p /badc/cmip6/data/CMIP6/CMIP/CNRM-CERFACS/CNRM-CM6-1/historical/r12i1p1f2/AERhr/tas/gr/latest
------------------------------------------------------------

TERM_RUNLIMIT: job killed after reaching LSF run time limit.
Exited with exit code 140.

Resource usage summary:

    CPU time :                                   27.23 sec.
    Max Memory :                                 515 MB
    Average Memory :                             406.33 MB
    Total Requested Memory :                     -
    Delta Memory :                               -
    Max Swap :                                   157294 MB
    Max Processes :                              3
    Max Threads :                                23
    Run time :                                   1803 sec.
    Turnaround time :                            2207 sec.

The output (if any) follows:



PS:

Read file <./outputs/badc/cmip6/data/CMIP6/CMIP/CNRM-CERFACS/CNRM-CM6-1/historical/r12i1p1f2/AERhr/tas/gr/latest.err> for stderr output of this job.

