Sender: LSF System <lsfadmin@host318.jc.rl.ac.uk>
Subject: Job 3200432: </home/users/esmith88/roocs/dachar/lotus_script.py -p /badc/cmip6/data/CMIP6/CMIP/IPSL/IPSL-CM6A-LR/historical/r9i1p1f1/ImonAnt/tas/gra/latest> in cluster <lotus> Done

Job </home/users/esmith88/roocs/dachar/lotus_script.py -p /badc/cmip6/data/CMIP6/CMIP/IPSL/IPSL-CM6A-LR/historical/r9i1p1f1/ImonAnt/tas/gra/latest> was submitted from host <jasmin-sci5-panfs.ceda.ac.uk> by user <esmith88> in cluster <lotus>.
Job was executed on host(s) <host318.jc.rl.ac.uk>, in queue <short-serial>, as user <esmith88> in cluster <lotus>.
</home/users/esmith88> was used as the home directory.
</home/users/esmith88/roocs/dachar> was used as the working directory.
Started at Results reported on 
Your job looked like:

------------------------------------------------------------
# LSBATCH: User input
/home/users/esmith88/roocs/dachar/lotus_script.py -p /badc/cmip6/data/CMIP6/CMIP/IPSL/IPSL-CM6A-LR/historical/r9i1p1f1/ImonAnt/tas/gra/latest
------------------------------------------------------------

Successfully completed.

Resource usage summary:

    CPU time :                                   3.21 sec.
    Max Memory :                                 -
    Average Memory :                             -
    Total Requested Memory :                     -
    Delta Memory :                               -
    Max Swap :                                   -
    Max Processes :                              -
    Max Threads :                                -
    Run time :                                   6 sec.
    Turnaround time :                            711 sec.

The output (if any) follows:

ok


PS:

Read file <./outputs/badc/cmip6/data/CMIP6/CMIP/IPSL/IPSL-CM6A-LR/historical/r9i1p1f1/ImonAnt/tas/gra/latest.err> for stderr output of this job.

