Sender: LSF System <lsfadmin@host314.jc.rl.ac.uk>
Subject: Job 3200660: </home/users/esmith88/roocs/dachar/lotus_script.py -p /badc/cmip6/data/CMIP6/CMIP/MPI-M/MPI-ESM1-2-HR/historical/r2i1p1f1/3hr/tas/gn/latest> in cluster <lotus> Exited

Job </home/users/esmith88/roocs/dachar/lotus_script.py -p /badc/cmip6/data/CMIP6/CMIP/MPI-M/MPI-ESM1-2-HR/historical/r2i1p1f1/3hr/tas/gn/latest> was submitted from host <jasmin-sci5-panfs.ceda.ac.uk> by user <esmith88> in cluster <lotus>.
Job was executed on host(s) <host314.jc.rl.ac.uk>, in queue <short-serial>, as user <esmith88> in cluster <lotus>.
</home/users/esmith88> was used as the home directory.
</home/users/esmith88/roocs/dachar> was used as the working directory.
Started at Results reported on 
Your job looked like:

------------------------------------------------------------
# LSBATCH: User input
/home/users/esmith88/roocs/dachar/lotus_script.py -p /badc/cmip6/data/CMIP6/CMIP/MPI-M/MPI-ESM1-2-HR/historical/r2i1p1f1/3hr/tas/gn/latest
------------------------------------------------------------

TERM_RUNLIMIT: job killed after reaching LSF run time limit.
Exited with exit code 140.

Resource usage summary:

    CPU time :                                   21.48 sec.
    Max Memory :                                 323 MB
    Average Memory :                             210.05 MB
    Total Requested Memory :                     -
    Delta Memory :                               -
    Max Swap :                                   157094 MB
    Max Processes :                              3
    Max Threads :                                23
    Run time :                                   1801 sec.
    Turnaround time :                            2600 sec.

The output (if any) follows:



PS:

Read file <./outputs/badc/cmip6/data/CMIP6/CMIP/MPI-M/MPI-ESM1-2-HR/historical/r2i1p1f1/3hr/tas/gn/latest.err> for stderr output of this job.

