Sender: LSF System <lsfadmin@host431.jc.rl.ac.uk>
Subject: Job 3203146: </home/users/esmith88/roocs/dachar/lotus_script.py -p /badc/cmip6/data/CMIP6/CMIP/IPSL/IPSL-CM6A-LR/piControl/r1i2p1f1/6hrPlevPt/vas/gr/latest> in cluster <lotus> Done

Job </home/users/esmith88/roocs/dachar/lotus_script.py -p /badc/cmip6/data/CMIP6/CMIP/IPSL/IPSL-CM6A-LR/piControl/r1i2p1f1/6hrPlevPt/vas/gr/latest> was submitted from host <jasmin-sci5-panfs.ceda.ac.uk> by user <esmith88> in cluster <lotus>.
Job was executed on host(s) <host431.jc.rl.ac.uk>, in queue <short-serial>, as user <esmith88> in cluster <lotus>.
</home/users/esmith88> was used as the home directory.
</home/users/esmith88/roocs/dachar> was used as the working directory.
Started at Results reported on 
Your job looked like:

------------------------------------------------------------
# LSBATCH: User input
/home/users/esmith88/roocs/dachar/lotus_script.py -p /badc/cmip6/data/CMIP6/CMIP/IPSL/IPSL-CM6A-LR/piControl/r1i2p1f1/6hrPlevPt/vas/gr/latest
------------------------------------------------------------

Successfully completed.

Resource usage summary:

    CPU time :                                   17.82 sec.
    Max Memory :                                 1665 MB
    Average Memory :                             749.42 MB
    Total Requested Memory :                     -
    Delta Memory :                               -
    Max Swap :                                   191345 MB
    Max Processes :                              3
    Max Threads :                                27
    Run time :                                   153 sec.
    Turnaround time :                            853 sec.

The output (if any) follows:

ok


PS:

Read file <./outputs/badc/cmip6/data/CMIP6/CMIP/IPSL/IPSL-CM6A-LR/piControl/r1i2p1f1/6hrPlevPt/vas/gr/latest.err> for stderr output of this job.

