Sender: LSF System <lsfadmin@host409.jc.rl.ac.uk>
Subject: Job 3203094: </home/users/esmith88/roocs/dachar/lotus_script.py -p /badc/cmip6/data/CMIP6/CMIP/IPSL/IPSL-CM6A-LR/historical/r2i1p1f1/day/vas/gr/latest> in cluster <lotus> Done

Job </home/users/esmith88/roocs/dachar/lotus_script.py -p /badc/cmip6/data/CMIP6/CMIP/IPSL/IPSL-CM6A-LR/historical/r2i1p1f1/day/vas/gr/latest> was submitted from host <jasmin-sci5-panfs.ceda.ac.uk> by user <esmith88> in cluster <lotus>.
Job was executed on host(s) <host409.jc.rl.ac.uk>, in queue <short-serial>, as user <esmith88> in cluster <lotus>.
</home/users/esmith88> was used as the home directory.
</home/users/esmith88/roocs/dachar> was used as the working directory.
Started at Results reported on 
Your job looked like:

------------------------------------------------------------
# LSBATCH: User input
/home/users/esmith88/roocs/dachar/lotus_script.py -p /badc/cmip6/data/CMIP6/CMIP/IPSL/IPSL-CM6A-LR/historical/r2i1p1f1/day/vas/gr/latest
------------------------------------------------------------

Successfully completed.

Resource usage summary:

    CPU time :                                   6.17 sec.
    Max Memory :                                 41 MB
    Average Memory :                             41.00 MB
    Total Requested Memory :                     -
    Delta Memory :                               -
    Max Swap :                                   189637 MB
    Max Processes :                              3
    Max Threads :                                27
    Run time :                                   62 sec.
    Turnaround time :                            634 sec.

The output (if any) follows:

ok


PS:

Read file <./outputs/badc/cmip6/data/CMIP6/CMIP/IPSL/IPSL-CM6A-LR/historical/r2i1p1f1/day/vas/gr/latest.err> for stderr output of this job.

