Sender: LSF System <lsfadmin@host364.jc.rl.ac.uk>
Subject: Job 3200814: </home/users/esmith88/roocs/dachar/lotus_script.py -p /badc/cmip6/data/CMIP6/CMIP/MRI/MRI-ESM2-0/amip/r2i1p1f1/3hr/tas/gn/latest> in cluster <lotus> Done

Job </home/users/esmith88/roocs/dachar/lotus_script.py -p /badc/cmip6/data/CMIP6/CMIP/MRI/MRI-ESM2-0/amip/r2i1p1f1/3hr/tas/gn/latest> was submitted from host <jasmin-sci5-panfs.ceda.ac.uk> by user <esmith88> in cluster <lotus>.
Job was executed on host(s) <host364.jc.rl.ac.uk>, in queue <short-serial>, as user <esmith88> in cluster <lotus>.
</home/users/esmith88> was used as the home directory.
</home/users/esmith88/roocs/dachar> was used as the working directory.
Started at Results reported on 
Your job looked like:

------------------------------------------------------------
# LSBATCH: User input
/home/users/esmith88/roocs/dachar/lotus_script.py -p /badc/cmip6/data/CMIP6/CMIP/MRI/MRI-ESM2-0/amip/r2i1p1f1/3hr/tas/gn/latest
------------------------------------------------------------

Successfully completed.

Resource usage summary:

    CPU time :                                   11.39 sec.
    Max Memory :                                 266 MB
    Average Memory :                             233.97 MB
    Total Requested Memory :                     -
    Delta Memory :                               -
    Max Swap :                                   157044 MB
    Max Processes :                              3
    Max Threads :                                23
    Run time :                                   489 sec.
    Turnaround time :                            1397 sec.

The output (if any) follows:

ok


PS:

Read file <./outputs/badc/cmip6/data/CMIP6/CMIP/MRI/MRI-ESM2-0/amip/r2i1p1f1/3hr/tas/gn/latest.err> for stderr output of this job.

