Sender: LSF System <lsfadmin@host397.jc.rl.ac.uk>
Subject: Job 3201149: </home/users/esmith88/roocs/dachar/lotus_script.py -p /badc/cmip6/data/CMIP6/CMIP/NOAA-GFDL/GFDL-CM4/1pctCO2/r1i1p1f1/day/tas/gr2/latest> in cluster <lotus> Exited

Job </home/users/esmith88/roocs/dachar/lotus_script.py -p /badc/cmip6/data/CMIP6/CMIP/NOAA-GFDL/GFDL-CM4/1pctCO2/r1i1p1f1/day/tas/gr2/latest> was submitted from host <jasmin-sci5-panfs.ceda.ac.uk> by user <esmith88> in cluster <lotus>.
Job was executed on host(s) <host397.jc.rl.ac.uk>, in queue <short-serial>, as user <esmith88> in cluster <lotus>.
</home/users/esmith88> was used as the home directory.
</home/users/esmith88/roocs/dachar> was used as the working directory.
Started at Results reported on 
Your job looked like:

------------------------------------------------------------
# LSBATCH: User input
/home/users/esmith88/roocs/dachar/lotus_script.py -p /badc/cmip6/data/CMIP6/CMIP/NOAA-GFDL/GFDL-CM4/1pctCO2/r1i1p1f1/day/tas/gr2/latest
------------------------------------------------------------

Exited with exit code 1.

Resource usage summary:

    CPU time :                                   5.68 sec.
    Max Memory :                                 17 MB
    Average Memory :                             17.00 MB
    Total Requested Memory :                     -
    Delta Memory :                               -
    Max Swap :                                   299 MB
    Max Processes :                              3
    Max Threads :                                4
    Run time :                                   47 sec.
    Turnaround time :                            1062 sec.

The output (if any) follows:

Height variable missing in dataset /badc/cmip6/data/CMIP6/CMIP/NOAA-GFDL/GFDL-CM4/1pctCO2/r1i1p1f1/day/tas/gr2/latest


PS:

Read file <./outputs/badc/cmip6/data/CMIP6/CMIP/NOAA-GFDL/GFDL-CM4/1pctCO2/r1i1p1f1/day/tas/gr2/latest.err> for stderr output of this job.

