Sender: LSF System <lsfadmin@host315.jc.rl.ac.uk>
Subject: Job 3203080: </home/users/esmith88/roocs/dachar/lotus_script.py -p /badc/cmip6/data/CMIP6/CMIP/IPSL/IPSL-CM6A-LR/historical/r11i1p1f1/E3hr/vas/gr/latest> in cluster <lotus> Exited

Job </home/users/esmith88/roocs/dachar/lotus_script.py -p /badc/cmip6/data/CMIP6/CMIP/IPSL/IPSL-CM6A-LR/historical/r11i1p1f1/E3hr/vas/gr/latest> was submitted from host <jasmin-sci5-panfs.ceda.ac.uk> by user <esmith88> in cluster <lotus>.
Job was executed on host(s) <host315.jc.rl.ac.uk>, in queue <short-serial>, as user <esmith88> in cluster <lotus>.
</home/users/esmith88> was used as the home directory.
</home/users/esmith88/roocs/dachar> was used as the working directory.
Started at Results reported on 
Your job looked like:

------------------------------------------------------------
# LSBATCH: User input
/home/users/esmith88/roocs/dachar/lotus_script.py -p /badc/cmip6/data/CMIP6/CMIP/IPSL/IPSL-CM6A-LR/historical/r11i1p1f1/E3hr/vas/gr/latest
------------------------------------------------------------

TERM_RUNLIMIT: job killed after reaching LSF run time limit.
Exited with exit code 140.

Resource usage summary:

    CPU time :                                   19.28 sec.
    Max Memory :                                 1681 MB
    Average Memory :                             1659.87 MB
    Total Requested Memory :                     -
    Delta Memory :                               -
    Max Swap :                                   158463 MB
    Max Processes :                              3
    Max Threads :                                23
    Run time :                                   1803 sec.
    Turnaround time :                            2355 sec.

The output (if any) follows:



PS:

Read file <./outputs/badc/cmip6/data/CMIP6/CMIP/IPSL/IPSL-CM6A-LR/historical/r11i1p1f1/E3hr/vas/gr/latest.err> for stderr output of this job.

