Sender: LSF System <lsfadmin@host452.jc.rl.ac.uk>
Subject: Job 3200082: </home/users/esmith88/roocs/dachar/lotus_script.py -p /badc/cmip6/data/CMIP6/CMIP/CNRM-CERFACS/CNRM-CM6-1/historical/r3i1p1f2/CFsubhr/tas/gn/latest> in cluster <lotus> Exited

Job </home/users/esmith88/roocs/dachar/lotus_script.py -p /badc/cmip6/data/CMIP6/CMIP/CNRM-CERFACS/CNRM-CM6-1/historical/r3i1p1f2/CFsubhr/tas/gn/latest> was submitted from host <jasmin-sci5-panfs.ceda.ac.uk> by user <esmith88> in cluster <lotus>.
Job was executed on host(s) <host452.jc.rl.ac.uk>, in queue <short-serial>, as user <esmith88> in cluster <lotus>.
</home/users/esmith88> was used as the home directory.
</home/users/esmith88/roocs/dachar> was used as the working directory.
Started at Results reported on 
Your job looked like:

------------------------------------------------------------
# LSBATCH: User input
/home/users/esmith88/roocs/dachar/lotus_script.py -p /badc/cmip6/data/CMIP6/CMIP/CNRM-CERFACS/CNRM-CM6-1/historical/r3i1p1f2/CFsubhr/tas/gn/latest
------------------------------------------------------------

TERM_MEMLIMIT: job killed after reaching LSF memory usage limit.
Exited with exit code 143.

Resource usage summary:

    CPU time :                                   67.89 sec.
    Max Memory :                                 15668 MB
    Average Memory :                             5861.44 MB
    Total Requested Memory :                     -
    Delta Memory :                               -
    Max Swap :                                   205359 MB
    Max Processes :                              3
    Max Threads :                                27
    Run time :                                   86 sec.
    Turnaround time :                            539 sec.

The output (if any) follows:



PS:

Read file <./outputs/badc/cmip6/data/CMIP6/CMIP/CNRM-CERFACS/CNRM-CM6-1/historical/r3i1p1f2/CFsubhr/tas/gn/latest.err> for stderr output of this job.

