Sender: LSF System <lsfadmin@host453.jc.rl.ac.uk>
Subject: Job 3203376: </home/users/esmith88/roocs/dachar/lotus_script.py -p /badc/cmip6/data/CMIP6/CMIP/NOAA-GFDL/GFDL-CM4/piControl/r1i1p1f1/3hr/vas/gr2/latest> in cluster <lotus> Done

Job </home/users/esmith88/roocs/dachar/lotus_script.py -p /badc/cmip6/data/CMIP6/CMIP/NOAA-GFDL/GFDL-CM4/piControl/r1i1p1f1/3hr/vas/gr2/latest> was submitted from host <jasmin-sci5-panfs.ceda.ac.uk> by user <esmith88> in cluster <lotus>.
Job was executed on host(s) <host453.jc.rl.ac.uk>, in queue <short-serial>, as user <esmith88> in cluster <lotus>.
</home/users/esmith88> was used as the home directory.
</home/users/esmith88/roocs/dachar> was used as the working directory.
Started at Results reported on 
Your job looked like:

------------------------------------------------------------
# LSBATCH: User input
/home/users/esmith88/roocs/dachar/lotus_script.py -p /badc/cmip6/data/CMIP6/CMIP/NOAA-GFDL/GFDL-CM4/piControl/r1i1p1f1/3hr/vas/gr2/latest
------------------------------------------------------------

Successfully completed.

Resource usage summary:

    CPU time :                                   15.09 sec.
    Max Memory :                                 406 MB
    Average Memory :                             99.33 MB
    Total Requested Memory :                     -
    Delta Memory :                               -
    Max Swap :                                   190080 MB
    Max Processes :                              3
    Max Threads :                                27
    Run time :                                   87 sec.
    Turnaround time :                            958 sec.

The output (if any) follows:

ok


PS:

Read file <./outputs/badc/cmip6/data/CMIP6/CMIP/NOAA-GFDL/GFDL-CM4/piControl/r1i1p1f1/3hr/vas/gr2/latest.err> for stderr output of this job.

