Sender: LSF System <lsfadmin@host325.jc.rl.ac.uk>
Subject: Job 3202957: </home/users/esmith88/roocs/dachar/lotus_script.py -p /badc/cmip6/data/CMIP6/CMIP/CNRM-CERFACS/CNRM-CM6-1/historical/r1i1p1f2/CFsubhr/vas/gn/latest> in cluster <lotus> Exited

Job </home/users/esmith88/roocs/dachar/lotus_script.py -p /badc/cmip6/data/CMIP6/CMIP/CNRM-CERFACS/CNRM-CM6-1/historical/r1i1p1f2/CFsubhr/vas/gn/latest> was submitted from host <jasmin-sci5-panfs.ceda.ac.uk> by user <esmith88> in cluster <lotus>.
Job was executed on host(s) <host325.jc.rl.ac.uk>, in queue <short-serial>, as user <esmith88> in cluster <lotus>.
</home/users/esmith88> was used as the home directory.
</home/users/esmith88/roocs/dachar> was used as the working directory.
Started at Results reported on 
Your job looked like:

------------------------------------------------------------
# LSBATCH: User input
/home/users/esmith88/roocs/dachar/lotus_script.py -p /badc/cmip6/data/CMIP6/CMIP/CNRM-CERFACS/CNRM-CM6-1/historical/r1i1p1f2/CFsubhr/vas/gn/latest
------------------------------------------------------------

TERM_MEMLIMIT: job killed after reaching LSF memory usage limit.
Exited with exit code 143.

Resource usage summary:

    CPU time :                                   34.95 sec.
    Max Memory :                                 10237 MB
    Average Memory :                             10237.00 MB
    Total Requested Memory :                     -
    Delta Memory :                               -
    Max Swap :                                   167031 MB
    Max Processes :                              3
    Max Threads :                                23
    Run time :                                   48 sec.
    Turnaround time :                            282 sec.

The output (if any) follows:



PS:

Read file <./outputs/badc/cmip6/data/CMIP6/CMIP/CNRM-CERFACS/CNRM-CM6-1/historical/r1i1p1f2/CFsubhr/vas/gn/latest.err> for stderr output of this job.

