Sender: LSF System <lsfadmin@host319.jc.rl.ac.uk>
Subject: Job 3203373: </home/users/esmith88/roocs/dachar/lotus_script.py -p /badc/cmip6/data/CMIP6/CMIP/NOAA-GFDL/GFDL-CM4/historical/r1i1p1f1/day/vas/gr1/latest> in cluster <lotus> Done

Job </home/users/esmith88/roocs/dachar/lotus_script.py -p /badc/cmip6/data/CMIP6/CMIP/NOAA-GFDL/GFDL-CM4/historical/r1i1p1f1/day/vas/gr1/latest> was submitted from host <jasmin-sci5-panfs.ceda.ac.uk> by user <esmith88> in cluster <lotus>.
Job was executed on host(s) <host319.jc.rl.ac.uk>, in queue <short-serial>, as user <esmith88> in cluster <lotus>.
</home/users/esmith88> was used as the home directory.
</home/users/esmith88/roocs/dachar> was used as the working directory.
Started at Results reported on 
Your job looked like:

------------------------------------------------------------
# LSBATCH: User input
/home/users/esmith88/roocs/dachar/lotus_script.py -p /badc/cmip6/data/CMIP6/CMIP/NOAA-GFDL/GFDL-CM4/historical/r1i1p1f1/day/vas/gr1/latest
------------------------------------------------------------

Successfully completed.

Resource usage summary:

    CPU time :                                   6.03 sec.
    Max Memory :                                 141 MB
    Average Memory :                             121.93 MB
    Total Requested Memory :                     -
    Delta Memory :                               -
    Max Swap :                                   156919 MB
    Max Processes :                              3
    Max Threads :                                23
    Run time :                                   534 sec.
    Turnaround time :                            1402 sec.

The output (if any) follows:

ok


PS:

Read file <./outputs/badc/cmip6/data/CMIP6/CMIP/NOAA-GFDL/GFDL-CM4/historical/r1i1p1f1/day/vas/gr1/latest.err> for stderr output of this job.

